[ 3959856ms] [ERROR] WebSocket connection to 'ws://localhost:3000/_next/webpack-hmr?id=G-vv2wfuYZP7ISYjNpk6h' failed:  @ http://localhost:3000/_next/static/chunks/0w39_next_dist_client_0ec-e8c._.js:13299
[ 4392705ms] [ERROR] WebSocket connection to 'ws://localhost:3000/_next/webpack-hmr?id=Htz4ISvTeFZdVdudO5csa' failed:  @ http://localhost:3000/_next/static/chunks/0w39_next_dist_client_0ec-e8c._.js:13299
[ 4393719ms] [ERROR] WebSocket connection to 'ws://localhost:3000/_next/webpack-hmr?id=Htz4ISvTeFZdVdudO5csa' failed: Error in connection establishment: net::ERR_CONNECTION_REFUSED @ http://localhost:3000/_next/static/chunks/0w39_next_dist_client_0ec-e8c._.js:13299
[ 4497998ms] [ERROR] WebSocket connection to 'ws://localhost:3000/_next/webpack-hmr?id=Wt855f5HKAudzdBpklDVI' failed:  @ http://localhost:3000/_next/static/chunks/0w39_next_dist_client_0ec-e8c._.js:13299
[ 4714009ms] [ERROR] WebSocket connection to 'ws://localhost:3000/_next/webpack-hmr?id=bxWflwiyYj6JZSLkPoZoc' failed:  @ http://localhost:3000/_next/static/chunks/0w39_next_dist_client_0ec-e8c._.js:13299
[ 4850767ms] [ERROR] WebSocket connection to 'ws://localhost:3000/_next/webpack-hmr?id=ZyD1V6p9AngOerWNutxVL' failed:  @ http://localhost:3000/_next/static/chunks/0w39_next_dist_client_0ec-e8c._.js:13299
[ 5370136ms] [ERROR] WebSocket connection to 'ws://localhost:3000/_next/webpack-hmr?id=TY1I5VUGBp2Gq_-V9Jx_f' failed: Error in connection establishment: net::ERR_CONNECTION_REFUSED @ http://localhost:3000/_next/static/chunks/0w39_next_dist_client_0ec-e8c._.js:13299
[ 5371141ms] [ERROR] WebSocket connection to 'ws://localhost:3000/_next/webpack-hmr?id=TY1I5VUGBp2Gq_-V9Jx_f' failed: Error in connection establishment: net::ERR_CONNECTION_REFUSED @ http://localhost:3000/_next/static/chunks/0w39_next_dist_client_0ec-e8c._.js:13299
[ 5372145ms] [ERROR] WebSocket connection to 'ws://localhost:3000/_next/webpack-hmr?id=TY1I5VUGBp2Gq_-V9Jx_f' failed: Error in connection establishment: net::ERR_CONNECTION_REFUSED @ http://localhost:3000/_next/static/chunks/0w39_next_dist_client_0ec-e8c._.js:13299
[ 5373148ms] [ERROR] WebSocket connection to 'ws://localhost:3000/_next/webpack-hmr?id=TY1I5VUGBp2Gq_-V9Jx_f' failed: Error in connection establishment: net::ERR_CONNECTION_REFUSED @ http://localhost:3000/_next/static/chunks/0w39_next_dist_client_0ec-e8c._.js:13299
[ 5374151ms] [ERROR] WebSocket connection to 'ws://localhost:3000/_next/webpack-hmr?id=TY1I5VUGBp2Gq_-V9Jx_f' failed: Error in connection establishment: net::ERR_CONNECTION_REFUSED @ http://localhost:3000/_next/static/chunks/0w39_next_dist_client_0ec-e8c._.js:13299
[ 5812611ms] [ERROR] WebSocket connection to 'ws://localhost:3000/_next/webpack-hmr?id=_Z8S4PMLJP46GDxtbsSq1' failed:  @ http://localhost:3000/_next/static/chunks/0w39_next_dist_client_0ec-e8c._.js:13299
[ 5813625ms] [ERROR] WebSocket connection to 'ws://localhost:3000/_next/webpack-hmr?id=_Z8S4PMLJP46GDxtbsSq1' failed: Error in connection establishment: net::ERR_CONNECTION_REFUSED @ http://localhost:3000/_next/static/chunks/0w39_next_dist_client_0ec-e8c._.js:13299
[ 5814631ms] [ERROR] WebSocket connection to 'ws://localhost:3000/_next/webpack-hmr?id=_Z8S4PMLJP46GDxtbsSq1' failed: Error in connection establishment: net::ERR_CONNECTION_REFUSED @ http://localhost:3000/_next/static/chunks/0w39_next_dist_client_0ec-e8c._.js:13299
[ 5815634ms] [ERROR] WebSocket connection to 'ws://localhost:3000/_next/webpack-hmr?id=_Z8S4PMLJP46GDxtbsSq1' failed: Error in connection establishment: net::ERR_CONNECTION_REFUSED @ http://localhost:3000/_next/static/chunks/0w39_next_dist_client_0ec-e8c._.js:13299
[ 5816637ms] [ERROR] WebSocket connection to 'ws://localhost:3000/_next/webpack-hmr?id=_Z8S4PMLJP46GDxtbsSq1' failed: Error in connection establishment: net::ERR_CONNECTION_REFUSED @ http://localhost:3000/_next/static/chunks/0w39_next_dist_client_0ec-e8c._.js:13299
[ 5817642ms] [ERROR] WebSocket connection to 'ws://localhost:3000/_next/webpack-hmr?id=_Z8S4PMLJP46GDxtbsSq1' failed: Error in connection establishment: net::ERR_CONNECTION_REFUSED @ http://localhost:3000/_next/static/chunks/0w39_next_dist_client_0ec-e8c._.js:13299
[ 5822650ms] [ERROR] WebSocket connection to 'ws://localhost:3000/_next/webpack-hmr?id=_Z8S4PMLJP46GDxtbsSq1' failed: Error in connection establishment: net::ERR_CONNECTION_REFUSED @ http://localhost:3000/_next/static/chunks/0w39_next_dist_client_0ec-e8c._.js:13299
[ 5827660ms] [ERROR] WebSocket connection to 'ws://localhost:3000/_next/webpack-hmr?id=_Z8S4PMLJP46GDxtbsSq1' failed: Error in connection establishment: net::ERR_CONNECTION_REFUSED @ http://localhost:3000/_next/static/chunks/0w39_next_dist_client_0ec-e8c._.js:13299
[12078764ms] [ERROR] WebSocket connection to 'ws://localhost:3000/_next/webpack-hmr?id=QXwNneXjd5KI7ID9ma_5v' failed: Error in connection establishment: net::ERR_CONNECTION_REFUSED @ http://localhost:3000/_next/static/chunks/0w39_next_dist_client_0ec-e8c._.js:13299
[12079769ms] [ERROR] WebSocket connection to 'ws://localhost:3000/_next/webpack-hmr?id=QXwNneXjd5KI7ID9ma_5v' failed: Error in connection establishment: net::ERR_CONNECTION_REFUSED @ http://localhost:3000/_next/static/chunks/0w39_next_dist_client_0ec-e8c._.js:13299
[12080772ms] [ERROR] WebSocket connection to 'ws://localhost:3000/_next/webpack-hmr?id=QXwNneXjd5KI7ID9ma_5v' failed: Error in connection establishment: net::ERR_CONNECTION_REFUSED @ http://localhost:3000/_next/static/chunks/0w39_next_dist_client_0ec-e8c._.js:13299
[12081774ms] [ERROR] WebSocket connection to 'ws://localhost:3000/_next/webpack-hmr?id=QXwNneXjd5KI7ID9ma_5v' failed: Error in connection establishment: net::ERR_CONNECTION_REFUSED @ http://localhost:3000/_next/static/chunks/0w39_next_dist_client_0ec-e8c._.js:13299
[12082780ms] [ERROR] WebSocket connection to 'ws://localhost:3000/_next/webpack-hmr?id=QXwNneXjd5KI7ID9ma_5v' failed: Error in connection establishment: net::ERR_CONNECTION_REFUSED @ http://localhost:3000/_next/static/chunks/0w39_next_dist_client_0ec-e8c._.js:13299
[12087786ms] [ERROR] WebSocket connection to 'ws://localhost:3000/_next/webpack-hmr?id=QXwNneXjd5KI7ID9ma_5v' failed: Error in connection establishment: net::ERR_CONNECTION_REFUSED @ http://localhost:3000/_next/static/chunks/0w39_next_dist_client_0ec-e8c._.js:13299
[12092797ms] [ERROR] WebSocket connection to 'ws://localhost:3000/_next/webpack-hmr?id=QXwNneXjd5KI7ID9ma_5v' failed: Error in connection establishment: net::ERR_CONNECTION_REFUSED @ http://localhost:3000/_next/static/chunks/0w39_next_dist_client_0ec-e8c._.js:13299
[12097806ms] [ERROR] WebSocket connection to 'ws://localhost:3000/_next/webpack-hmr?id=QXwNneXjd5KI7ID9ma_5v' failed: Error in connection establishment: net::ERR_CONNECTION_REFUSED @ http://localhost:3000/_next/static/chunks/0w39_next_dist_client_0ec-e8c._.js:13299
[12102830ms] [ERROR] WebSocket connection to 'ws://localhost:3000/_next/webpack-hmr?id=QXwNneXjd5KI7ID9ma_5v' failed: Error in connection establishment: net::ERR_CONNECTION_REFUSED @ http://localhost:3000/_next/static/chunks/0w39_next_dist_client_0ec-e8c._.js:13299
[12107906ms] [ERROR] WebSocket connection to 'ws://localhost:3000/_next/webpack-hmr?id=QXwNneXjd5KI7ID9ma_5v' failed: Error in connection establishment: net::ERR_CONNECTION_REFUSED @ http://localhost:3000/_next/static/chunks/0w39_next_dist_client_0ec-e8c._.js:13299
[12113056ms] [ERROR] WebSocket connection to 'ws://localhost:3000/_next/webpack-hmr?id=QXwNneXjd5KI7ID9ma_5v' failed: Error in connection establishment: net::ERR_CONNECTION_REFUSED @ http://localhost:3000/_next/static/chunks/0w39_next_dist_client_0ec-e8c._.js:13299
[12118201ms] [ERROR] WebSocket connection to 'ws://localhost:3000/_next/webpack-hmr?id=QXwNneXjd5KI7ID9ma_5v' failed: Error in connection establishment: net::ERR_CONNECTION_REFUSED @ http://localhost:3000/_next/static/chunks/0w39_next_dist_client_0ec-e8c._.js:13299
