[     675ms] Error: Hydration failed because the server rendered text didn't match the client. As a result this tree will be regenerated on the client. This can happen if a SSR-ed Client Component used:

- A server/client branch `if (typeof window !== 'undefined')`.
- Variable input such as `Date.now()` or `Math.random()` which changes each time it's called.
- Date formatting in a user's locale which doesn't match the server.
- External changing data without sending a snapshot of it along with the HTML.
- Invalid HTML tag nesting.

It can also happen if the client has a browser extension installed which messes with the HTML before React loaded.

https://react.dev/link/hydration-mismatch

  ...
    <ErrorBoundary errorComponent={undefined} errorStyles={undefined} errorScripts={undefined}>
      <LoadingBoundary name="/" loading={null}>
        <HTTPAccessFallbackBoundary notFound={{...}} forbidden={undefined} unauthorized={undefined}>
          <HTTPAccessFallbackErrorBoundary pathname="/" notFound={{...}} forbidden={undefined} unauthorized={undefined} ...>
            <RedirectBoundary>
              <RedirectErrorBoundary router={{...}}>
                <InnerLayoutRouter url="/" tree={[...]} params={{}} cacheNode={{rsc:{...}, ...}} segmentPath={[...]} ...>
                  <SegmentViewNode type="page" pagePath="page.tsx">
                    <SegmentTrieNode>
                    <ClientPageRoot Component={function YojanaAIPage} serverProvidedParams={{...}}>
                      <YojanaAIPage params={Promise} searchParams={Promise}>
                        <a>
                        <main id="main">
                          <div className="hero-wrap">
                            <div>
                            <div>
                            <div>
                            <div>
                            ...
                              <span className="flag-white">
                                <svg width="6" height="6" viewBox="0 0 24 24" style={{position:"...", ...}} ...>
                                  <circle>
                                  <circle>
                                  <line>
                                  <line>
                                  <line>
                                  <line>
                                  <line>
                                  <line>
                                  <line>
                                  <line>
                                  <line>
                                  <line>
                                  <line>
                                  <line>
                                  <line>
                                  <line>
                                  <line>
                                  <line>
                                  <line
                                    x1="12"
                                    y1="12"
                                    x2={7.4999999999999964}
+                                   y2={4.205771365940055}
-                                   y2="4.205771365940054"
                                    stroke="#000080"
                                    strokeWidth="0.8"
                                  >
                                  ...
                            <div className="hero-content">
                              <svg>
                              <div>
                              <h1>
                              <p className="hero-body a-fade-up" style={{animationDelay:"0.15s"}}>
+                               सिर्फ 6 सवाल — 60 सेकंड में पूरी सूची
-                               Sirf 6 sawaal — poori list 60 seconds mein
                              ...
                            ...
                  ...
                ...

    at throwOnHydrationMismatch (http://localhost:3000/_next/static/chunks/0w39_next_dist_compiled_react-dom_0baed26._.js:3318:56)
    at prepareToHydrateHostInstance (http://localhost:3000/_next/static/chunks/0w39_next_dist_compiled_react-dom_0baed26._.js:3372:23)
    at completeWork (http://localhost:3000/_next/static/chunks/0w39_next_dist_compiled_react-dom_0baed26._.js:6922:60)
    at runWithFiberInDEV (http://localhost:3000/_next/static/chunks/0w39_next_dist_compiled_react-dom_0baed26._.js:965:74)
    at completeUnitOfWork (http://localhost:3000/_next/static/chunks/0w39_next_dist_compiled_react-dom_0baed26._.js:9622:23)
    at performUnitOfWork (http://localhost:3000/_next/static/chunks/0w39_next_dist_compiled_react-dom_0baed26._.js:9557:28)
    at workLoopConcurrentByScheduler (http://localhost:3000/_next/static/chunks/0w39_next_dist_compiled_react-dom_0baed26._.js:9551:58)
    at renderRootConcurrent (http://localhost:3000/_next/static/chunks/0w39_next_dist_compiled_react-dom_0baed26._.js:9534:71)
    at performWorkOnRoot (http://localhost:3000/_next/static/chunks/0w39_next_dist_compiled_react-dom_0baed26._.js:9061:150)
    at performWorkOnRootViaSchedulerTask (http://localhost:3000/_next/static/chunks/0w39_next_dist_compiled_react-dom_0baed26._.js:10255:9)
    at MessagePort.performWorkUntilDeadline (http://localhost:3000/_next/static/chunks/0w39_next_dist_compiled_0jow7ot._.js:2647:64)
[   24923ms] [ERROR] WebSocket connection to 'ws://localhost:3000/_next/webpack-hmr?id=_Ywg8rxwYL4ZYM_PGllmA' failed: Error in connection establishment: net::ERR_CONNECTION_REFUSED @ http://localhost:3000/_next/static/chunks/0w39_next_dist_client_0ec-e8c._.js:13299
[   25927ms] [ERROR] WebSocket connection to 'ws://localhost:3000/_next/webpack-hmr?id=_Ywg8rxwYL4ZYM_PGllmA' failed: Error in connection establishment: net::ERR_CONNECTION_REFUSED @ http://localhost:3000/_next/static/chunks/0w39_next_dist_client_0ec-e8c._.js:13299
[   26929ms] [ERROR] WebSocket connection to 'ws://localhost:3000/_next/webpack-hmr?id=_Ywg8rxwYL4ZYM_PGllmA' failed: Error in connection establishment: net::ERR_CONNECTION_REFUSED @ http://localhost:3000/_next/static/chunks/0w39_next_dist_client_0ec-e8c._.js:13299
[   27932ms] [ERROR] WebSocket connection to 'ws://localhost:3000/_next/webpack-hmr?id=_Ywg8rxwYL4ZYM_PGllmA' failed: Error in connection establishment: net::ERR_CONNECTION_REFUSED @ http://localhost:3000/_next/static/chunks/0w39_next_dist_client_0ec-e8c._.js:13299
[   28934ms] [ERROR] WebSocket connection to 'ws://localhost:3000/_next/webpack-hmr?id=_Ywg8rxwYL4ZYM_PGllmA' failed: Error in connection establishment: net::ERR_CONNECTION_REFUSED @ http://localhost:3000/_next/static/chunks/0w39_next_dist_client_0ec-e8c._.js:13299
[   34530ms] [ERROR] A tree hydrated but some attributes of the server rendered HTML didn't match the client properties. This won't be patched up. This can happen if a SSR-ed Client Component used:

- A server/client branch `if (typeof window !== 'undefined')`.
- Variable input such as `Date.now()` or `Math.random()` which changes each time it's called.
- Date formatting in a user's locale which doesn't match the server.
- External changing data without sending a snapshot of it along with the HTML.
- Invalid HTML tag nesting.

It can also happen if the client has a browser extension installed which messes with the HTML before React loaded.

%s%s https://react.dev/link/hydration-mismatch 

  ...
    <RedirectErrorBoundary router={{...}}>
      <InnerLayoutRouter url="/" tree={[...]} params={{}} cacheNode={{rsc:{...}, ...}} segmentPath={[...]} ...>
        <SegmentViewNode type="page" pagePath="page.tsx">
          <SegmentTrieNode>
          <ClientPageRoot Component={function YojanaAIPage} serverProvidedParams={{...}}>
            <YojanaAIPage params={Promise} searchParams={Promise}>
              <a>
              <main id="main">
                <div className="hero-wrap">
                  <div>
                  <div>
                  <div>
                  <div>
                  <nav className="navbar-pil...">
                    <span className="nav-logo" onClick={function onClick}>
                      <span className="flag-wrap" aria-hidden="true">
                        <span>
                        <span className="flag-white">
                          <svg width="6" height="6" viewBox="0 0 24 24" style={{position:"...", ...}} aria-hidden="true">
                            <circle>
                            <circle>
                            <line>
                            <line>
                            <line>
                            <line>
                            <line>
                            <line>
                            <line>
                            <line>
                            <line>
                            <line>
                            <line>
                            <line>
                            <line>
                            <line>
                            <line>
                            <line>
                            <line
                              x1="12"
                              y1="12"
                              x2={7.4999999999999964}
+                             y2={4.205771365940055}
-                             y2="4.205771365940054"
                              stroke="#000080"
                              strokeWidth="0.8"
                            >
                            ...
                        ...
                      ...
                    ...
                  ...
        ...
      ...
 @ http://localhost:3000/_next/static/chunks/0w39_next_dist_0nkkrwo._.js:3272
